<?xml version="1.0" encoding="UTF-8"?>
<!-- Generated by org.testng.reporters.JUnitReportReporter -->
<testsuite skipped="0" hostname="Kaluaracchi" name="DayOne.ExcelReadClass" tests="1" failures="0" timestamp="16 Jan 2019 09:16:46 GMT" time="14.919" errors="0">
  <testcase name="testSearch" time="14.919" classname="DayOne.ExcelReadClass"/>
</testsuite> <!-- DayOne.ExcelReadClass -->
